Flow report for perifericos_niosii
Thu May 27 21:22:41 2021
Quartus Prime Version 17.1.0 Build 590 10/25/2017 SJ Lite Edition


---------------------
; Table of Contents ;
---------------------
  1. Legal Notice
  2. Flow Summary
  3. Flow Settings
  4. Flow Non-Default Global Settings
  5. Flow Elapsed Time
  6. Flow OS Summary
  7. Flow Log
  8. Flow Messages
  9. Flow Suppressed Messages



----------------
; Legal Notice ;
----------------
Copyright (C) 2017  Intel Corporation. All rights reserved.
Your use of Intel Corporation's design tools, logic functions 
and other software and tools, and its AMPP partner logic 
functions, and any output files from any of the foregoing 
(including device programming or simulation files), and any 
associated documentation or information are expressly subject 
to the terms and conditions of the Intel Program License 
Subscription Agreement, the Intel Quartus Prime License Agreement,
the Intel FPGA IP License Agreement, or other applicable license
agreement, including, without limitation, that your use is for
the sole purpose of programming logic devices manufactured by
Intel and sold by Intel or its authorized distributors.  Please
refer to the applicable agreement for further details.



+----------------------------------------------------------------------------------+
; Flow Summary                                                                     ;
+------------------------------------+---------------------------------------------+
; Flow Status                        ; Successful - Thu May 27 21:22:41 2021       ;
; Quartus Prime Version              ; 17.1.0 Build 590 10/25/2017 SJ Lite Edition ;
; Revision Name                      ; perifericos_niosii                          ;
; Top-level Entity Name              ; avalon_UART                                 ;
; Family                             ; Cyclone IV E                                ;
; Device                             ; EP4CE115F29C7                               ;
; Timing Models                      ; Final                                       ;
; Total logic elements               ; 207 / 114,480 ( < 1 % )                     ;
;     Total combinational functions  ; 201 / 114,480 ( < 1 % )                     ;
;     Dedicated logic registers      ; 111 / 114,480 ( < 1 % )                     ;
; Total registers                    ; 111                                         ;
; Total pins                         ; 107 / 529 ( 20 % )                          ;
; Total virtual pins                 ; 0                                           ;
; Total memory bits                  ; 0 / 3,981,312 ( 0 % )                       ;
; Embedded Multiplier 9-bit elements ; 0 / 532 ( 0 % )                             ;
; Total PLLs                         ; 0 / 4 ( 0 % )                               ;
+------------------------------------+---------------------------------------------+


+-----------------------------------------+
; Flow Settings                           ;
+-------------------+---------------------+
; Option            ; Setting             ;
+-------------------+---------------------+
; Start date & time ; 05/27/2021 21:21:50 ;
; Main task         ; Compilation         ;
; Revision Name     ; perifericos_niosii  ;
+-------------------+---------------------+


+-----------------------------------------------------------------------------------------------------------------------------------+
; Flow Non-Default Global Settings                                                                                                  ;
+--------------------------------------+----------------------------------------+--------------------+-------------+----------------+
; Assignment Name                      ; Value                                  ; Default Value      ; Entity Name ; Section Id     ;
+--------------------------------------+----------------------------------------+--------------------+-------------+----------------+
; COMPILER_SIGNATURE_ID                ; 106528728470721.162214330902260        ; --                 ; --          ; --             ;
; EDA_DESIGN_INSTANCE_NAME             ; NA                                     ; --                 ; --          ; timer_tb       ;
; EDA_NATIVELINK_SIMULATION_TEST_BENCH ; timer_tb                               ; --                 ; --          ; eda_simulation ;
; EDA_OUTPUT_DATA_FORMAT               ; Verilog Hdl                            ; --                 ; --          ; eda_simulation ;
; EDA_SIMULATION_TOOL                  ; ModelSim-Altera (Verilog)              ; <None>             ; --          ; --             ;
; EDA_TEST_BENCH_ENABLE_STATUS         ; TEST_BENCH_MODE                        ; --                 ; --          ; eda_simulation ;
; EDA_TEST_BENCH_FILE                  ; simulation/timer_tb.sv                 ; --                 ; --          ; timer_tb       ;
; EDA_TEST_BENCH_MODULE_NAME           ; timer_tb                               ; --                 ; --          ; timer_tb       ;
; EDA_TEST_BENCH_NAME                  ; timer_tb                               ; --                 ; --          ; eda_simulation ;
; EDA_TIME_SCALE                       ; 1 ps                                   ; --                 ; --          ; eda_simulation ;
; MAX_CORE_JUNCTION_TEMP               ; 85                                     ; --                 ; --          ; --             ;
; MIN_CORE_JUNCTION_TEMP               ; 0                                      ; --                 ; --          ; --             ;
; NOMINAL_CORE_SUPPLY_VOLTAGE          ; 1.2V                                   ; --                 ; --          ; --             ;
; PARTITION_COLOR                      ; -- (Not supported for targeted family) ; --                 ; avalon_UART ; Top            ;
; PARTITION_FITTER_PRESERVATION_LEVEL  ; -- (Not supported for targeted family) ; --                 ; avalon_UART ; Top            ;
; PARTITION_NETLIST_TYPE               ; -- (Not supported for targeted family) ; --                 ; avalon_UART ; Top            ;
; POWER_BOARD_THERMAL_MODEL            ; None (CONSERVATIVE)                    ; --                 ; --          ; --             ;
; POWER_PRESET_COOLING_SOLUTION        ; 23 MM HEAT SINK WITH 200 LFPM AIRFLOW  ; --                 ; --          ; --             ;
; PROJECT_OUTPUT_DIRECTORY             ; output_files                           ; --                 ; --          ; --             ;
; TOP_LEVEL_ENTITY                     ; avalon_UART                            ; perifericos_niosii ; --          ; --             ;
+--------------------------------------+----------------------------------------+--------------------+-------------+----------------+


+-------------------------------------------------------------------------------------------------------------------------------+
; Flow Elapsed Time                                                                                                             ;
+---------------------------+--------------+-------------------------+---------------------+------------------------------------+
; Module Name               ; Elapsed Time ; Average Processors Used ; Peak Virtual Memory ; Total CPU Time (on all processors) ;
+---------------------------+--------------+-------------------------+---------------------+------------------------------------+
; Analysis & Synthesis      ; 00:00:13     ; 1.0                     ; 4822 MB             ; 00:00:26                           ;
; Fitter                    ; 00:00:27     ; 1.0                     ; 6298 MB             ; 00:00:40                           ;
; Assembler                 ; 00:00:03     ; 1.0                     ; 4677 MB             ; 00:00:03                           ;
; TimeQuest Timing Analyzer ; 00:00:03     ; 1.1                     ; 4934 MB             ; 00:00:03                           ;
; EDA Netlist Writer        ; 00:00:02     ; 1.0                     ; 4650 MB             ; 00:00:02                           ;
; Total                     ; 00:00:48     ; --                      ; --                  ; 00:01:14                           ;
+---------------------------+--------------+-------------------------+---------------------+------------------------------------+


+-----------------------------------------------------------------------------------------+
; Flow OS Summary                                                                         ;
+---------------------------+------------------+------------+------------+----------------+
; Module Name               ; Machine Hostname ; OS Name    ; OS Version ; Processor type ;
+---------------------------+------------------+------------+------------+----------------+
; Analysis & Synthesis      ; PABLO-PC         ; Windows 10 ; 10.0       ; x86_64         ;
; Fitter                    ; PABLO-PC         ; Windows 10 ; 10.0       ; x86_64         ;
; Assembler                 ; PABLO-PC         ; Windows 10 ; 10.0       ; x86_64         ;
; TimeQuest Timing Analyzer ; PABLO-PC         ; Windows 10 ; 10.0       ; x86_64         ;
; EDA Netlist Writer        ; PABLO-PC         ; Windows 10 ; 10.0       ; x86_64         ;
+---------------------------+------------------+------------+------------+----------------+


------------
; Flow Log ;
------------
quartus_map --read_settings_files=on --write_settings_files=off perifericos_niosii -c perifericos_niosii
quartus_fit --read_settings_files=off --write_settings_files=off perifericos_niosii -c perifericos_niosii
quartus_asm --read_settings_files=off --write_settings_files=off perifericos_niosii -c perifericos_niosii
quartus_sta perifericos_niosii -c perifericos_niosii
quartus_eda --read_settings_files=off --write_settings_files=off perifericos_niosii -c perifericos_niosii



